<?xml version="1.0" encoding="UTF-8"?>
<!-- Generated by org.testng.reporters.JUnitReportReporter -->
<testsuite hostname="DESKTOP-BB59D2L" failures="0" tests="5" name="com.selenium.test.scripts.LoginInTest" time="147.360" errors="0" timestamp="30 Jun 2020 23:37:30 GMT" skipped="0">
  <testcase classname="com.selenium.test.scripts.LoginInTest" name="login" time="19.647"/>
  <testcase classname="com.selenium.test.scripts.LoginInTest" name="login" time="19.374"/>
  <testcase classname="com.selenium.test.scripts.LoginInTest" name="newEmp" time="69.529"/>
  <testcase classname="com.selenium.test.scripts.LoginInTest" name="login" time="19.325"/>
  <testcase classname="com.selenium.test.scripts.LoginInTest" name="login" time="19.485"/>
</testsuite> <!-- com.selenium.test.scripts.LoginInTest -->
