<?xml version="1.0" encoding="UTF-8"?>
<!-- Generated by org.testng.reporters.JUnitReportReporter -->
<testsuite hostname="DESKTOP-BB59D2L" failures="0" tests="24" name="com.selenium.test.scripts.SmokeTests" time="93.207" errors="0" timestamp="30 Jun 2020 23:37:30 GMT" skipped="21">
  <testcase classname="com.selenium.test.scripts.SmokeTests" name="empNumbers" time="32.324"/>
  <testcase classname="com.selenium.test.scripts.SmokeTests" name="taxId" time="31.919"/>
  <testcase classname="com.selenium.test.scripts.SmokeTests" name="version" time="28.964"/>
  <testcase classname="com.selenium.test.scripts.SmokeTests" name="leaveStatus">
    <skipped/>
  </testcase> <!-- leaveStatus -->
  <testcase classname="com.selenium.test.scripts.SmokeTests" name="nationalNum">
    <skipped/>
  </testcase> <!-- nationalNum -->
  <testcase classname="com.selenium.test.scripts.SmokeTests" name="empSupervisor">
    <skipped/>
  </testcase> <!-- empSupervisor -->
  <testcase classname="com.selenium.test.scripts.SmokeTests" name="licenseUpdate">
    <skipped/>
  </testcase> <!-- licenseUpdate -->
  <testcase classname="com.selenium.test.scripts.SmokeTests" name="hqLocation">
    <skipped/>
  </testcase> <!-- hqLocation -->
  <testcase classname="com.selenium.test.scripts.SmokeTests" name="leaveList">
    <skipped/>
  </testcase> <!-- leaveList -->
  <testcase classname="com.selenium.test.scripts.SmokeTests" name="loginValidInfo">
    <skipped/>
  </testcase> <!-- loginValidInfo -->
  <testcase classname="com.selenium.test.scripts.SmokeTests" name="empSalary">
    <skipped/>
  </testcase> <!-- empSalary -->
  <testcase classname="com.selenium.test.scripts.SmokeTests" name="emergencyEmpInfo">
    <skipped/>
  </testcase> <!-- emergencyEmpInfo -->
  <testcase classname="com.selenium.test.scripts.SmokeTests" name="addNewJob">
    <skipped/>
  </testcase> <!-- addNewJob -->
  <testcase classname="com.selenium.test.scripts.SmokeTests" name="leaveCancel">
    <skipped/>
  </testcase> <!-- leaveCancel -->
  <testcase classname="com.selenium.test.scripts.SmokeTests" name="leaveDays">
    <skipped/>
  </testcase> <!-- leaveDays -->
  <testcase classname="com.selenium.test.scripts.SmokeTests" name="leaveReq">
    <skipped/>
  </testcase> <!-- leaveReq -->
  <testcase classname="com.selenium.test.scripts.SmokeTests" name="distribution">
    <skipped/>
  </testcase> <!-- distribution -->
  <testcase classname="com.selenium.test.scripts.SmokeTests" name="loginInvalidInfo">
    <skipped/>
  </testcase> <!-- loginInvalidInfo -->
  <testcase classname="com.selenium.test.scripts.SmokeTests" name="jobtitleEmp">
    <skipped/>
  </testcase> <!-- jobtitleEmp -->
  <testcase classname="com.selenium.test.scripts.SmokeTests" name="companyName">
    <skipped/>
  </testcase> <!-- companyName -->
  <testcase classname="com.selenium.test.scripts.SmokeTests" name="PictureEmp">
    <skipped/>
  </testcase> <!-- PictureEmp -->
  <testcase classname="com.selenium.test.scripts.SmokeTests" name="marketPlace">
    <skipped/>
  </testcase> <!-- marketPlace -->
  <testcase classname="com.selenium.test.scripts.SmokeTests" name="legend">
    <skipped/>
  </testcase> <!-- legend -->
  <testcase classname="com.selenium.test.scripts.SmokeTests" name="workShift">
    <skipped/>
  </testcase> <!-- workShift -->
</testsuite> <!-- com.selenium.test.scripts.SmokeTests -->
