<?xml version="1.0" encoding="UTF-8"?>
<!-- Generated by org.testng.reporters.JUnitReportReporter -->
<testsuite hostname="DESKTOP-BB59D2L" failures="0" tests="1" name="com.selenium.test.scripts.ParamTest" time="22.735" errors="0" timestamp="30 Jun 2020 23:37:30 GMT" skipped="0">
  <testcase classname="com.selenium.test.scripts.ParamTest" name="parameter" time="22.735"/>
</testsuite> <!-- com.selenium.test.scripts.ParamTest -->
